<?xml version="1.0" encoding="UTF-8"?>
<testsuite name="cucumberOptions.TestRunner" time="0" tests="10" errors="0" skipped="9" failures="0">
  <properties>
    <property name="java.runtime.name" value="OpenJDK Runtime Environment"/>
    <property name="java.vm.version" value="15.0.1+9"/>
    <property name="sun.boot.library.path" value="/usr/local/Cellar/openjdk/15.0.1/libexec/openjdk.jdk/Contents/Home/lib"/>
    <property name="maven.multiModuleProjectDirectory" value="/Users/mba0093/Automation/eclipse-workspace/CartCount"/>
    <property name="java.vm.vendor" value="Oracle Corporation"/>
    <property name="java.vendor.url" value="https://openjdk.java.net/"/>
    <property name="guice.disable.misplaced.annotation.check" value="true"/>
    <property name="path.separator" value=":"/>
    <property name="java.vm.name" value="OpenJDK 64-Bit Server VM"/>
    <property name="user.country" value="US"/>
    <property name="sun.java.launcher" value="SUN_STANDARD"/>
    <property name="java.vm.specification.name" value="Java Virtual Machine Specification"/>
    <property name="user.dir" value="/Users/mba0093/Automation/eclipse-workspace/CartCount"/>
    <property name="java.vm.compressedOopsMode" value="Zero based"/>
    <property name="java.runtime.version" value="15.0.1+9"/>
    <property name="os.arch" value="x86_64"/>
    <property name="java.io.tmpdir" value="/var/folders/1j/rll0b2910jl734p2q408klf00000gp/T/"/>
    <property name="line.separator" value="&#10;"/>
    <property name="java.vm.specification.vendor" value="Oracle Corporation"/>
    <property name="os.name" value="Mac OS X"/>
    <property name="classworlds.conf" value="/usr/local/Cellar/maven/3.6.3_1/libexec/bin/m2.conf"/>
    <property name="sun.jnu.encoding" value="UTF-8"/>
    <property name="java.library.path" value="/Users/mba0093/Library/Java/Extensions:/Library/Java/Extensions:/Network/Library/Java/Extensions:/System/Library/Java/Extensions:/usr/lib/java:."/>
    <property name="maven.conf" value="/usr/local/Cellar/maven/3.6.3_1/libexec/conf"/>
    <property name="jdk.debug" value="release"/>
    <property name="java.class.version" value="59.0"/>
    <property name="java.specification.name" value="Java Platform API Specification"/>
    <property name="sun.management.compiler" value="HotSpot 64-Bit Tiered Compilers"/>
    <property name="os.version" value="10.15.6"/>
    <property name="library.jansi.path" value="/usr/local/Cellar/maven/3.6.3_1/libexec/lib/jansi-native"/>
    <property name="user.home" value="/Users/mba0093"/>
    <property name="user.timezone" value="Asia/Ho_Chi_Minh"/>
    <property name="BROWSER" value="firefox"/>
    <property name="file.encoding" value="UTF-8"/>
    <property name="java.specification.version" value="15"/>
    <property name="user.name" value="mba0093"/>
    <property name="java.class.path" value="/usr/local/Cellar/maven/3.6.3_1/libexec/boot/plexus-classworlds-2.6.0.jar"/>
    <property name="java.vm.specification.version" value="15"/>
    <property name="sun.arch.data.model" value="64"/>
    <property name="sun.java.command" value="org.codehaus.plexus.classworlds.launcher.Launcher clean test -DBROWSER=firefox verify"/>
    <property name="java.home" value="/usr/local/Cellar/openjdk/15.0.1/libexec/openjdk.jdk/Contents/Home"/>
    <property name="user.language" value="en"/>
    <property name="java.specification.vendor" value="Oracle Corporation"/>
    <property name="java.vm.info" value="mixed mode, sharing"/>
    <property name="java.version" value="15.0.1"/>
    <property name="java.vendor" value="N/A"/>
    <property name="maven.home" value="/usr/local/Cellar/maven/3.6.3_1/libexec"/>
    <property name="file.separator" value="/"/>
    <property name="java.version.date" value="2020-10-20"/>
    <property name="java.vendor.url.bug" value="https://bugreport.java.com/bugreport/"/>
    <property name="sun.io.unicode.encoding" value="UnicodeBig"/>
    <property name="sun.cpu.endian" value="little"/>
  </properties>
  <testcase name="Given : CartCount HomePage is opened" classname="Scenario: Register successfully as a Buyer" time="0">
    <skipped/>
    <system-out><![CDATA[@function
Feature: Register a buyer
  As a user
  I want to register a buyer
  So that verify login function work well
]]></system-out>
  </testcase>
  <testcase name="When I tap on [SIGNUP AS BUYER] button" classname="Scenario: Register successfully as a Buyer" time="0">
    <skipped/>
    <system-out><![CDATA[
  Background:                            # SignUp.feature:7
    Given : CartCount HomePage is opened
]]></system-out>
  </testcase>
  <testcase name="Then [SignUp Page] screen is opened" classname="Scenario: Register successfully as a Buyer" time="0">
    <skipped/>
  </testcase>
  <testcase name="And I input valid email" classname="Scenario: Register successfully as a Buyer" time="0">
    <skipped/>
  </testcase>
  <testcase name="And I input valid FullName" classname="Scenario: Register successfully as a Buyer" time="0">
    <skipped/>
  </testcase>
  <testcase name="And I input valid PassWord" classname="Scenario: Register successfully as a Buyer" time="0">
    <skipped/>
  </testcase>
  <testcase name="And I tap on [Confirm] button" classname="Scenario: Register successfully as a Buyer" time="0">
    <skipped/>
  </testcase>
  <testcase name="Then Buyer &apos;s homepage is opened successfully" classname="Scenario: Register successfully as a Buyer" time="0">
    <skipped/>
  </testcase>
  <testcase name="Scenario: Register successfully as a Buyer" classname="Scenario: Register successfully as a Buyer" time="0">
    <skipped/>
  </testcase>
  <testcase name="Scenario: Register successfully as a Buyer" classname="Scenario: Register successfully as a Buyer" time="0.043"/>
</testsuite>